{"level":"DEBUG","ts":"2026-04-05T23:55:28.309+0800","caller":"service/user_service.go:104","msg":"用户登录验证","username":"spaceblue","trace_id":"61cd887c-1734-4c1a-b3c1-d131672dd126"}
{"level":"DEBUG","ts":"2026-04-05T23:55:28.314+0800","caller":"repository/user_repository.go:61","msg":"查询用户信息","username":"spaceblue","trace_id":"61cd887c-1734-4c1a-b3c1-d131672dd126"}
{"level":"DEBUG","ts":"2026-04-05T23:55:28.315+0800","caller":"repository/user_repository.go:71","msg":"查询用户成功","user_id":1,"username":"spaceblue","trace_id":"61cd887c-1734-4c1a-b3c1-d131672dd126"}
{"level":"DEBUG","ts":"2026-04-05T23:55:28.450+0800","caller":"service/user_service.go:173","msg":"查询用户资料","id":1,"trace_id":"bf2af188-b4fa-4e99-bd75-683e9d3019d6"}
{"level":"DEBUG","ts":"2026-04-05T23:55:28.450+0800","caller":"repository/user_repository.go:22","msg":"检查用户ID是否存在","id":1,"trace_id":"bf2af188-b4fa-4e99-bd75-683e9d3019d6"}
{"level":"DEBUG","ts":"2026-04-05T23:55:28.451+0800","caller":"repository/user_repository.go:27","msg":"用户ID存在检查结果","id":1,"exists":true,"trace_id":"bf2af188-b4fa-4e99-bd75-683e9d3019d6"}
{"level":"DEBUG","ts":"2026-04-06T00:22:49.479+0800","caller":"service/user_service.go:173","msg":"查询用户资料","id":1,"trace_id":"392d4640-07cd-42f6-8414-3328e5d540ad"}
{"level":"DEBUG","ts":"2026-04-06T00:22:49.490+0800","caller":"repository/user_repository.go:22","msg":"检查用户ID是否存在","id":1,"trace_id":"392d4640-07cd-42f6-8414-3328e5d540ad"}
{"level":"DEBUG","ts":"2026-04-06T00:22:49.614+0800","caller":"repository/user_repository.go:27","msg":"用户ID存在检查结果","id":1,"exists":true,"trace_id":"392d4640-07cd-42f6-8414-3328e5d540ad"}
{"level":"DEBUG","ts":"2026-04-06T00:22:51.955+0800","caller":"service/user_service.go:173","msg":"查询用户资料","id":1,"trace_id":"48ffaa13-a571-4868-bdae-84c522ec4c8f"}
{"level":"DEBUG","ts":"2026-04-06T00:22:51.956+0800","caller":"repository/user_repository.go:22","msg":"检查用户ID是否存在","id":1,"trace_id":"48ffaa13-a571-4868-bdae-84c522ec4c8f"}
{"level":"DEBUG","ts":"2026-04-06T00:22:51.959+0800","caller":"repository/user_repository.go:27","msg":"用户ID存在检查结果","id":1,"exists":true,"trace_id":"48ffaa13-a571-4868-bdae-84c522ec4c8f"}
{"level":"DEBUG","ts":"2026-04-06T00:22:53.736+0800","caller":"service/user_service.go:173","msg":"查询用户资料","id":1,"trace_id":"9a9b7087-9d65-45bb-b669-1a20bf285608"}
{"level":"DEBUG","ts":"2026-04-06T00:22:53.736+0800","caller":"repository/user_repository.go:22","msg":"检查用户ID是否存在","id":1,"trace_id":"9a9b7087-9d65-45bb-b669-1a20bf285608"}
{"level":"DEBUG","ts":"2026-04-06T00:22:53.737+0800","caller":"repository/user_repository.go:27","msg":"用户ID存在检查结果","id":1,"exists":true,"trace_id":"9a9b7087-9d65-45bb-b669-1a20bf285608"}
{"level":"DEBUG","ts":"2026-04-06T00:22:55.075+0800","caller":"service/user_service.go:173","msg":"查询用户资料","id":1,"trace_id":"cfcbba5b-1fb0-4dd6-9646-656b463893c5"}
{"level":"DEBUG","ts":"2026-04-06T00:22:55.076+0800","caller":"repository/user_repository.go:22","msg":"检查用户ID是否存在","id":1,"trace_id":"cfcbba5b-1fb0-4dd6-9646-656b463893c5"}
{"level":"DEBUG","ts":"2026-04-06T00:22:55.076+0800","caller":"repository/user_repository.go:27","msg":"用户ID存在检查结果","id":1,"exists":true,"trace_id":"cfcbba5b-1fb0-4dd6-9646-656b463893c5"}
{"level":"DEBUG","ts":"2026-04-06T00:23:06.248+0800","caller":"service/user_service.go:173","msg":"查询用户资料","id":1,"trace_id":"ab0b7bdf-46b4-416b-9c59-9f4af8d6866f"}
{"level":"DEBUG","ts":"2026-04-06T00:23:06.248+0800","caller":"repository/user_repository.go:22","msg":"检查用户ID是否存在","id":1,"trace_id":"ab0b7bdf-46b4-416b-9c59-9f4af8d6866f"}
{"level":"DEBUG","ts":"2026-04-06T00:23:06.249+0800","caller":"repository/user_repository.go:27","msg":"用户ID存在检查结果","id":1,"exists":true,"trace_id":"ab0b7bdf-46b4-416b-9c59-9f4af8d6866f"}
{"level":"DEBUG","ts":"2026-04-06T00:23:06.976+0800","caller":"service/user_service.go:173","msg":"查询用户资料","id":1,"trace_id":"4afedf7f-a8c2-4ad8-95f5-abb77bcb4060"}
{"level":"DEBUG","ts":"2026-04-06T00:23:06.976+0800","caller":"repository/user_repository.go:22","msg":"检查用户ID是否存在","id":1,"trace_id":"4afedf7f-a8c2-4ad8-95f5-abb77bcb4060"}
{"level":"DEBUG","ts":"2026-04-06T00:23:06.977+0800","caller":"repository/user_repository.go:27","msg":"用户ID存在检查结果","id":1,"exists":true,"trace_id":"4afedf7f-a8c2-4ad8-95f5-abb77bcb4060"}
{"level":"DEBUG","ts":"2026-04-06T00:23:07.313+0800","caller":"service/user_service.go:173","msg":"查询用户资料","id":1,"trace_id":"87f601f3-5f3b-4ce3-876e-63ba677dd804"}
{"level":"DEBUG","ts":"2026-04-06T00:23:07.313+0800","caller":"repository/user_repository.go:22","msg":"检查用户ID是否存在","id":1,"trace_id":"87f601f3-5f3b-4ce3-876e-63ba677dd804"}
{"level":"DEBUG","ts":"2026-04-06T00:23:07.314+0800","caller":"repository/user_repository.go:27","msg":"用户ID存在检查结果","id":1,"exists":true,"trace_id":"87f601f3-5f3b-4ce3-876e-63ba677dd804"}
{"level":"DEBUG","ts":"2026-04-06T00:23:07.492+0800","caller":"service/user_service.go:173","msg":"查询用户资料","id":1,"trace_id":"50e94eef-a50e-4961-ada3-a514625dd148"}
{"level":"DEBUG","ts":"2026-04-06T00:23:07.493+0800","caller":"repository/user_repository.go:22","msg":"检查用户ID是否存在","id":1,"trace_id":"50e94eef-a50e-4961-ada3-a514625dd148"}
{"level":"DEBUG","ts":"2026-04-06T00:23:07.493+0800","caller":"repository/user_repository.go:27","msg":"用户ID存在检查结果","id":1,"exists":true,"trace_id":"50e94eef-a50e-4961-ada3-a514625dd148"}
{"level":"DEBUG","ts":"2026-04-06T00:23:07.770+0800","caller":"service/user_service.go:173","msg":"查询用户资料","id":1,"trace_id":"f3771047-7248-4575-b51b-0399defc2d0b"}
{"level":"DEBUG","ts":"2026-04-06T00:23:07.770+0800","caller":"repository/user_repository.go:22","msg":"检查用户ID是否存在","id":1,"trace_id":"f3771047-7248-4575-b51b-0399defc2d0b"}
{"level":"DEBUG","ts":"2026-04-06T00:23:07.771+0800","caller":"repository/user_repository.go:27","msg":"用户ID存在检查结果","id":1,"exists":true,"trace_id":"f3771047-7248-4575-b51b-0399defc2d0b"}
{"level":"DEBUG","ts":"2026-04-06T00:23:21.505+0800","caller":"service/user_service.go:173","msg":"查询用户资料","id":1,"trace_id":"19df961b-e2a8-4ad2-9f4e-5490ad2a5af5"}
{"level":"DEBUG","ts":"2026-04-06T00:23:21.505+0800","caller":"repository/user_repository.go:22","msg":"检查用户ID是否存在","id":1,"trace_id":"19df961b-e2a8-4ad2-9f4e-5490ad2a5af5"}
{"level":"DEBUG","ts":"2026-04-06T00:23:21.506+0800","caller":"repository/user_repository.go:27","msg":"用户ID存在检查结果","id":1,"exists":true,"trace_id":"19df961b-e2a8-4ad2-9f4e-5490ad2a5af5"}
{"level":"DEBUG","ts":"2026-04-06T00:23:23.663+0800","caller":"service/user_service.go:173","msg":"查询用户资料","id":1,"trace_id":"81ded636-904e-4aea-a255-49f9ac2b1554"}
{"level":"DEBUG","ts":"2026-04-06T00:23:23.663+0800","caller":"repository/user_repository.go:22","msg":"检查用户ID是否存在","id":1,"trace_id":"81ded636-904e-4aea-a255-49f9ac2b1554"}
{"level":"DEBUG","ts":"2026-04-06T00:23:23.663+0800","caller":"repository/user_repository.go:27","msg":"用户ID存在检查结果","id":1,"exists":true,"trace_id":"81ded636-904e-4aea-a255-49f9ac2b1554"}
