{"level":"ERROR","ts":"2026-04-07T18:56:14.942+0800","caller":"repository/user_repository.go:65","msg":"查询用户失败","username":"test","error":"record not found","trace_id":"60923168-ff6c-45c5-a206-fec3cede1416"}
{"level":"ERROR","ts":"2026-04-07T18:56:22.608+0800","caller":"repository/user_repository.go:65","msg":"查询用户失败","username":"admin","error":"record not found","trace_id":"d722b200-e98a-4b43-828d-96fe4b5ea7d1"}
{"level":"ERROR","ts":"2026-04-07T18:56:30.242+0800","caller":"controller/user_controller.go:35","msg":"注册失败","username":"testuser","email":"test@example.com","error":"验证码不存在或已过期","trace_id":"d1a000f4-d8e0-4ec7-a09b-7938073fecb7"}
{"level":"ERROR","ts":"2026-04-07T21:43:21.278+0800","caller":"service/agent_service.go:157","msg":"获取智能体配置失败","error":"record not found","trace_id":"37d0edd2-c45d-477f-b3b4-039ebdc8f577"}
{"level":"ERROR","ts":"2026-04-07T21:43:21.279+0800","caller":"controller/agent_controller.go:165","msg":"验证会话失败","error":"record not found","trace_id":"37d0edd2-c45d-477f-b3b4-039ebdc8f577"}
{"level":"ERROR","ts":"2026-04-07T21:43:24.153+0800","caller":"service/agent_service.go:157","msg":"获取智能体配置失败","error":"record not found","trace_id":"f313c93b-b3c8-4c45-93f0-40106de93345"}
{"level":"ERROR","ts":"2026-04-07T21:43:24.153+0800","caller":"controller/agent_controller.go:165","msg":"验证会话失败","error":"record not found","trace_id":"f313c93b-b3c8-4c45-93f0-40106de93345"}
{"level":"ERROR","ts":"2026-04-07T21:43:27.187+0800","caller":"service/agent_service.go:157","msg":"获取智能体配置失败","error":"record not found","trace_id":"62ac5c3d-b7f3-4cd4-bdbd-1f036c2f31a6"}
{"level":"ERROR","ts":"2026-04-07T21:43:27.187+0800","caller":"controller/agent_controller.go:165","msg":"验证会话失败","error":"record not found","trace_id":"62ac5c3d-b7f3-4cd4-bdbd-1f036c2f31a6"}
{"level":"ERROR","ts":"2026-04-07T21:43:27.943+0800","caller":"service/agent_service.go:157","msg":"获取智能体配置失败","error":"record not found","trace_id":"e141c620-d329-4407-9fd3-3541fbd9af5e"}
{"level":"ERROR","ts":"2026-04-07T21:43:27.943+0800","caller":"controller/agent_controller.go:165","msg":"验证会话失败","error":"record not found","trace_id":"e141c620-d329-4407-9fd3-3541fbd9af5e"}
{"level":"ERROR","ts":"2026-04-07T21:43:28.608+0800","caller":"service/agent_service.go:157","msg":"获取智能体配置失败","error":"record not found","trace_id":"05cc1d3d-ee51-48f8-bf79-1b4ae2c62f83"}
{"level":"ERROR","ts":"2026-04-07T21:43:28.608+0800","caller":"controller/agent_controller.go:165","msg":"验证会话失败","error":"record not found","trace_id":"05cc1d3d-ee51-48f8-bf79-1b4ae2c62f83"}
{"level":"ERROR","ts":"2026-04-07T21:43:31.476+0800","caller":"service/agent_service.go:157","msg":"获取智能体配置失败","error":"record not found","trace_id":"4eeeefce-f106-46f6-84a2-cc912af950f7"}
{"level":"ERROR","ts":"2026-04-07T21:43:31.476+0800","caller":"controller/agent_controller.go:165","msg":"验证会话失败","error":"record not found","trace_id":"4eeeefce-f106-46f6-84a2-cc912af950f7"}
{"level":"ERROR","ts":"2026-04-07T21:43:32.263+0800","caller":"service/agent_service.go:157","msg":"获取智能体配置失败","error":"record not found","trace_id":"d403d596-9de0-40a1-b58b-e7d3167ef0e7"}
{"level":"ERROR","ts":"2026-04-07T21:43:32.263+0800","caller":"controller/agent_controller.go:165","msg":"验证会话失败","error":"record not found","trace_id":"d403d596-9de0-40a1-b58b-e7d3167ef0e7"}
{"level":"ERROR","ts":"2026-04-07T21:43:32.931+0800","caller":"service/agent_service.go:157","msg":"获取智能体配置失败","error":"record not found","trace_id":"46e3b58e-6a5e-409b-99ff-174809a2061e"}
{"level":"ERROR","ts":"2026-04-07T21:43:32.931+0800","caller":"controller/agent_controller.go:165","msg":"验证会话失败","error":"record not found","trace_id":"46e3b58e-6a5e-409b-99ff-174809a2061e"}
{"level":"ERROR","ts":"2026-04-07T21:43:33.750+0800","caller":"service/agent_service.go:157","msg":"获取智能体配置失败","error":"record not found","trace_id":"3e3ecfb7-1bf3-4f1d-a7b0-ee359ffe58e4"}
{"level":"ERROR","ts":"2026-04-07T21:43:33.751+0800","caller":"controller/agent_controller.go:165","msg":"验证会话失败","error":"record not found","trace_id":"3e3ecfb7-1bf3-4f1d-a7b0-ee359ffe58e4"}
{"level":"ERROR","ts":"2026-04-07T21:55:38.009+0800","caller":"service/agent_service.go:157","msg":"获取智能体配置失败","error":"record not found","trace_id":"43a456f9-141b-4a64-8f46-86020c2bed4e"}
{"level":"ERROR","ts":"2026-04-07T21:55:38.010+0800","caller":"controller/agent_controller.go:165","msg":"验证会话失败","error":"record not found","trace_id":"43a456f9-141b-4a64-8f46-86020c2bed4e"}
{"level":"ERROR","ts":"2026-04-07T21:55:39.448+0800","caller":"service/agent_service.go:157","msg":"获取智能体配置失败","error":"record not found","trace_id":"b3a147a3-bf6c-4e3a-bce5-9353fec898db"}
{"level":"ERROR","ts":"2026-04-07T21:55:39.448+0800","caller":"controller/agent_controller.go:165","msg":"验证会话失败","error":"record not found","trace_id":"b3a147a3-bf6c-4e3a-bce5-9353fec898db"}
{"level":"ERROR","ts":"2026-04-07T21:55:40.477+0800","caller":"service/agent_service.go:157","msg":"获取智能体配置失败","error":"record not found","trace_id":"f110ffee-2f52-4bb0-901a-403a9f446238"}
{"level":"ERROR","ts":"2026-04-07T21:55:40.477+0800","caller":"controller/agent_controller.go:165","msg":"验证会话失败","error":"record not found","trace_id":"f110ffee-2f52-4bb0-901a-403a9f446238"}
{"level":"ERROR","ts":"2026-04-07T21:55:41.675+0800","caller":"service/agent_service.go:157","msg":"获取智能体配置失败","error":"record not found","trace_id":"457111d1-adef-46d9-a8ae-caba27004063"}
{"level":"ERROR","ts":"2026-04-07T21:55:41.675+0800","caller":"controller/agent_controller.go:165","msg":"验证会话失败","error":"record not found","trace_id":"457111d1-adef-46d9-a8ae-caba27004063"}
{"level":"ERROR","ts":"2026-04-07T21:55:42.536+0800","caller":"service/agent_service.go:157","msg":"获取智能体配置失败","error":"record not found","trace_id":"ebc566ca-0cc8-4612-9968-ca196747cf4c"}
{"level":"ERROR","ts":"2026-04-07T21:55:42.536+0800","caller":"controller/agent_controller.go:165","msg":"验证会话失败","error":"record not found","trace_id":"ebc566ca-0cc8-4612-9968-ca196747cf4c"}
{"level":"ERROR","ts":"2026-04-07T21:55:43.332+0800","caller":"service/agent_service.go:157","msg":"获取智能体配置失败","error":"record not found","trace_id":"e06d928b-949b-45e5-8638-0ed23e673a55"}
{"level":"ERROR","ts":"2026-04-07T21:55:43.332+0800","caller":"controller/agent_controller.go:165","msg":"验证会话失败","error":"record not found","trace_id":"e06d928b-949b-45e5-8638-0ed23e673a55"}
{"level":"ERROR","ts":"2026-04-07T21:55:44.008+0800","caller":"service/agent_service.go:157","msg":"获取智能体配置失败","error":"record not found","trace_id":"d3bd3776-04a6-4915-bd9a-9b7309079add"}
{"level":"ERROR","ts":"2026-04-07T21:55:44.008+0800","caller":"controller/agent_controller.go:165","msg":"验证会话失败","error":"record not found","trace_id":"d3bd3776-04a6-4915-bd9a-9b7309079add"}
{"level":"ERROR","ts":"2026-04-07T21:55:45.122+0800","caller":"service/agent_service.go:157","msg":"获取智能体配置失败","error":"record not found","trace_id":"8a02ee36-c4d6-4a05-b321-dcf3c963a7a1"}
{"level":"ERROR","ts":"2026-04-07T21:55:45.122+0800","caller":"controller/agent_controller.go:165","msg":"验证会话失败","error":"record not found","trace_id":"8a02ee36-c4d6-4a05-b321-dcf3c963a7a1"}
{"level":"ERROR","ts":"2026-04-07T21:55:51.405+0800","caller":"service/agent_service.go:157","msg":"获取智能体配置失败","error":"record not found","trace_id":"e03751fb-e344-43e0-82fc-5dfa4154882a"}
{"level":"ERROR","ts":"2026-04-07T21:55:51.405+0800","caller":"controller/agent_controller.go:165","msg":"验证会话失败","error":"record not found","trace_id":"e03751fb-e344-43e0-82fc-5dfa4154882a"}
{"level":"ERROR","ts":"2026-04-07T21:59:17.145+0800","caller":"service/agent_service.go:157","msg":"获取智能体配置失败","error":"record not found","trace_id":"385b47c0-f4df-4fc6-b2e5-aadba0c73cf8"}
{"level":"ERROR","ts":"2026-04-07T21:59:17.145+0800","caller":"controller/agent_controller.go:165","msg":"验证会话失败","error":"record not found","trace_id":"385b47c0-f4df-4fc6-b2e5-aadba0c73cf8"}
{"level":"ERROR","ts":"2026-04-07T21:59:18.114+0800","caller":"service/agent_service.go:157","msg":"获取智能体配置失败","error":"record not found","trace_id":"e866b4d3-6fc5-49eb-a052-08f7a47e0573"}
{"level":"ERROR","ts":"2026-04-07T21:59:18.114+0800","caller":"controller/agent_controller.go:165","msg":"验证会话失败","error":"record not found","trace_id":"e866b4d3-6fc5-49eb-a052-08f7a47e0573"}
{"level":"ERROR","ts":"2026-04-07T21:59:19.046+0800","caller":"service/agent_service.go:157","msg":"获取智能体配置失败","error":"record not found","trace_id":"1b856df4-bab4-4f1c-bbb5-5d50ec6ffbe1"}
{"level":"ERROR","ts":"2026-04-07T21:59:19.046+0800","caller":"controller/agent_controller.go:165","msg":"验证会话失败","error":"record not found","trace_id":"1b856df4-bab4-4f1c-bbb5-5d50ec6ffbe1"}
{"level":"ERROR","ts":"2026-04-07T21:59:21.930+0800","caller":"service/agent_service.go:157","msg":"获取智能体配置失败","error":"record not found","trace_id":"4f9867ff-97bc-4813-bf1c-e08063be7879"}
{"level":"ERROR","ts":"2026-04-07T21:59:21.930+0800","caller":"controller/agent_controller.go:165","msg":"验证会话失败","error":"record not found","trace_id":"4f9867ff-97bc-4813-bf1c-e08063be7879"}
{"level":"ERROR","ts":"2026-04-07T21:59:22.860+0800","caller":"service/agent_service.go:157","msg":"获取智能体配置失败","error":"record not found","trace_id":"1f6417fe-bccb-47be-9d25-204f6751a131"}
{"level":"ERROR","ts":"2026-04-07T21:59:22.860+0800","caller":"controller/agent_controller.go:165","msg":"验证会话失败","error":"record not found","trace_id":"1f6417fe-bccb-47be-9d25-204f6751a131"}
{"level":"ERROR","ts":"2026-04-07T21:59:50.706+0800","caller":"service/agent_service.go:157","msg":"获取智能体配置失败","error":"record not found","trace_id":"6aafe0b5-d54f-4c1f-9602-42bbbf9cbabf"}
{"level":"ERROR","ts":"2026-04-07T21:59:50.706+0800","caller":"controller/agent_controller.go:165","msg":"验证会话失败","error":"record not found","trace_id":"6aafe0b5-d54f-4c1f-9602-42bbbf9cbabf"}
{"level":"ERROR","ts":"2026-04-07T21:59:51.907+0800","caller":"service/agent_service.go:157","msg":"获取智能体配置失败","error":"record not found","trace_id":"d091ec8f-2ed5-421d-907b-2ddbaffe871d"}
{"level":"ERROR","ts":"2026-04-07T21:59:51.907+0800","caller":"controller/agent_controller.go:165","msg":"验证会话失败","error":"record not found","trace_id":"d091ec8f-2ed5-421d-907b-2ddbaffe871d"}
{"level":"ERROR","ts":"2026-04-07T21:59:53.581+0800","caller":"service/agent_service.go:157","msg":"获取智能体配置失败","error":"record not found","trace_id":"e0c6bdd3-9c8b-4e2d-94ab-536f6d4a2ec0"}
{"level":"ERROR","ts":"2026-04-07T21:59:53.581+0800","caller":"controller/agent_controller.go:165","msg":"验证会话失败","error":"record not found","trace_id":"e0c6bdd3-9c8b-4e2d-94ab-536f6d4a2ec0"}
{"level":"ERROR","ts":"2026-04-07T21:59:54.407+0800","caller":"service/agent_service.go:157","msg":"获取智能体配置失败","error":"record not found","trace_id":"58645182-7be9-462a-ac61-534625405d74"}
{"level":"ERROR","ts":"2026-04-07T21:59:54.407+0800","caller":"controller/agent_controller.go:165","msg":"验证会话失败","error":"record not found","trace_id":"58645182-7be9-462a-ac61-534625405d74"}
{"level":"ERROR","ts":"2026-04-07T22:07:13.042+0800","caller":"service/agent_service.go:157","msg":"获取智能体配置失败","error":"record not found","trace_id":"bb01e41c-ecfb-433d-a6ec-19f27c2b4328"}
{"level":"ERROR","ts":"2026-04-07T22:07:13.042+0800","caller":"controller/agent_controller.go:165","msg":"验证会话失败","error":"record not found","trace_id":"bb01e41c-ecfb-433d-a6ec-19f27c2b4328"}
{"level":"ERROR","ts":"2026-04-07T22:07:14.444+0800","caller":"service/agent_service.go:157","msg":"获取智能体配置失败","error":"record not found","trace_id":"f28a905b-4649-4911-a4e6-43582c7b0572"}
{"level":"ERROR","ts":"2026-04-07T22:07:14.444+0800","caller":"controller/agent_controller.go:165","msg":"验证会话失败","error":"record not found","trace_id":"f28a905b-4649-4911-a4e6-43582c7b0572"}
{"level":"ERROR","ts":"2026-04-07T22:07:15.648+0800","caller":"service/agent_service.go:157","msg":"获取智能体配置失败","error":"record not found","trace_id":"1718c38e-ee7d-4313-bac2-ba7fc44b5f63"}
{"level":"ERROR","ts":"2026-04-07T22:07:15.648+0800","caller":"controller/agent_controller.go:165","msg":"验证会话失败","error":"record not found","trace_id":"1718c38e-ee7d-4313-bac2-ba7fc44b5f63"}
{"level":"ERROR","ts":"2026-04-07T22:07:52.056+0800","caller":"service/agent_service.go:157","msg":"获取智能体配置失败","error":"record not found","trace_id":"6c27e1eb-f1e7-41ce-bdbc-efbdb6c5e13c"}
{"level":"ERROR","ts":"2026-04-07T22:07:52.056+0800","caller":"controller/agent_controller.go:165","msg":"验证会话失败","error":"record not found","trace_id":"6c27e1eb-f1e7-41ce-bdbc-efbdb6c5e13c"}
{"level":"ERROR","ts":"2026-04-09T01:41:24.270+0800","caller":"repository/user_repository.go:65","msg":"查询用户失败","username":"test","error":"record not found","trace_id":"c6ec0a12-23bd-405d-acc3-c0b5a9b34dee"}
